# JRE version: Java(TM) SE Runtime Environment (8.0_111-b14) (build 1.8.0_111-b14)
# Java VM: Java HotSpot(TM) Client VM (25.111-b14 mixed mode, sharing windows-x86 )
Heap:
 def new generation   total 78656K, used 18077K [0x03a00000, 0x08f50000, 0x08f50000)
  eden space 69952K,  25% used [0x03a00000, 0x04ba77c8, 0x07e50000)
  from space 8704K,   0% used [0x086d0000, 0x086d0000, 0x08f50000)
  to   space 8704K,   0% used [0x07e50000, 0x07e50000, 0x086d0000)
 tenured generation   total 174784K, used 92755K [0x08f50000, 0x13a00000, 0x13a00000)
   the space 174784K,  53% used [0x08f50000, 0x0e9e4f58, 0x0e9e5000, 0x13a00000)
 Metaspace       used 12739K, capacity 13723K, committed 13824K, reserved 14720K
GC Heap History (10 events):
Event: 687.069 GC heap before
{Heap before GC invocations=472 (full 61):
 def new generation   total 78656K, used 78656K [0x03a00000, 0x08f50000, 0x08f50000)
  eden space 69952K, 100% used [0x03a00000, 0x07e50000, 0x07e50000)
  from space 8704K, 100% used [0x07e50000, 0x086d0000, 0x086d0000)
  to   space 8704K,   0% used [0x086d0000, 0x086d0000, 0x08f50000)
 tenured generation   total 174784K, used 116676K [0x08f50000, 0x13a00000, 0x13a00000)
   the space 174784K,  66% used [0x08f50000, 0x101413d0, 0x10141400, 0x13a00000)
 Metaspace       used 12739K, capacity 13723K, committed 13824K, reserved 14720K
Event: 687.079 GC heap after
Heap after GC invocations=473 (full 61):
 def new generation   total 78656K, used 7130K [0x03a00000, 0x08f50000, 0x08f50000)
  eden space 69952K,   0% used [0x03a00000, 0x03a00000, 0x07e50000)
  from space 8704K,  81% used [0x086d0000, 0x08dc69d8, 0x08f50000)
  to   space 8704K,   0% used [0x07e50000, 0x07e50000, 0x086d0000)
 tenured generation   total 174784K, used 124587K [0x08f50000, 0x13a00000, 0x13a00000)
   the space 174784K,  71% used [0x08f50000, 0x108faef0, 0x108fb000, 0x13a00000)
 Metaspace       used 12739K, capacity 13723K, committed 13824K, reserved 14720K
}
Event: 689.821 GC heap before
{Heap before GC invocations=473 (full 61):
 def new generation   total 78656K, used 77083K [0x03a00000, 0x08f50000, 0x08f50000)
  eden space 69952K, 100% used [0x03a00000, 0x07e50000, 0x07e50000)
  from space 8704K,  81% used [0x086d0000, 0x08dc6e18, 0x08f50000)
  to   space 8704K,   0% used [0x07e50000, 0x07e50000, 0x086d0000)
 tenured generation   total 174784K, used 124587K [0x08f50000, 0x13a00000, 0x13a00000)
   the space 174784K,  71% used [0x08f50000, 0x108faef0, 0x108fb000, 0x13a00000)
 Metaspace       used 12739K, capacity 13723K, committed 13824K, reserved 14720K
Event: 689.837 GC heap after
Heap after GC invocations=474 (full 61):
 def new generation   total 78656K, used 8574K [0x03a00000, 0x08f50000, 0x08f50000)
  eden space 69952K,   0% used [0x03a00000, 0x03a00000, 0x07e50000)
  from space 8704K,  98% used [0x07e50000, 0x086afa98, 0x086d0000)
  to   space 8704K,   0% used [0x086d0000, 0x086d0000, 0x08f50000)
 tenured generation   total 174784K, used 134327K [0x08f50000, 0x13a00000, 0x13a00000)
   the space 174784K,  76% used [0x08f50000, 0x1127de78, 0x1127e000, 0x13a00000)
 Metaspace       used 12739K, capacity 13723K, committed 13824K, reserved 14720K
}
Event: 691.164 GC heap before
{Heap before GC invocations=474 (full 61):
 def new generation   total 78656K, used 78561K [0x03a00000, 0x08f50000, 0x08f50000)
  eden space 69952K, 100% used [0x03a00000, 0x07e50000, 0x07e50000)
  from space 8704K,  98% used [0x07e50000, 0x086b84c0, 0x086d0000)
  to   space 8704K,   0% used [0x086d0000, 0x086d0000, 0x08f50000)
 tenured generation   total 174784K, used 134327K [0x08f50000, 0x13a00000, 0x13a00000)
   the space 174784K,  76% used [0x08f50000, 0x1127de78, 0x1127e000, 0x13a00000)
 Metaspace       used 12739K, capacity 13723K, committed 13824K, reserved 14720K
Event: 691.180 GC heap after
Heap after GC invocations=475 (full 61):
 def new generation   total 78656K, used 8704K [0x03a00000, 0x08f50000, 0x08f50000)
  eden space 69952K,   0% used [0x03a00000, 0x03a00000, 0x07e50000)
  from space 8704K, 100% used [0x086d0000, 0x08f50000, 0x08f50000)
  to   space 8704K,   0% used [0x07e50000, 0x07e50000, 0x086d0000)
 tenured generation   total 174784K, used 150363K [0x08f50000, 0x13a00000, 0x13a00000)
   the space 174784K,  86% used [0x08f50000, 0x12226e80, 0x12227000, 0x13a00000)
 Metaspace       used 12739K, capacity 13723K, committed 13824K, reserved 14720K
}
Event: 691.648 GC heap before
{Heap before GC invocations=475 (full 61):
 def new generation   total 78656K, used 78504K [0x03a00000, 0x08f50000, 0x08f50000)
  eden space 69952K,  99% used [0x03a00000, 0x07e2a330, 0x07e50000)
  from space 8704K, 100% used [0x086d0000, 0x08f50000, 0x08f50000)
  to   space 8704K,   0% used [0x07e50000, 0x07e50000, 0x086d0000)
 tenured generation   total 174784K, used 158588K [0x08f50000, 0x13a00000, 0x13a00000)
   the space 174784K,  90% used [0x08f50000, 0x12a2f278, 0x12a2f400, 0x13a00000)
 Metaspace       used 12739K, capacity 13723K, committed 13824K, reserved 14720K
Event: 691.648 GC heap after
Heap after GC invocations=476 (full 61):
 def new generation   total 78656K, used 78504K [0x03a00000, 0x08f50000, 0x08f50000)
  eden space 69952K,  99% used [0x03a00000, 0x07e2a330, 0x07e50000)
  from space 8704K, 100% used [0x086d0000, 0x08f50000, 0x08f50000)
  to   space 8704K,   0% used [0x07e50000, 0x07e50000, 0x086d0000)
 tenured generation   total 174784K, used 158588K [0x08f50000, 0x13a00000, 0x13a00000)
   the space 174784K,  90% used [0x08f50000, 0x12a2f278, 0x12a2f400, 0x13a00000)
 Metaspace       used 12739K, capacity 13723K, committed 13824K, reserved 14720K
}
Event: 691.648 GC heap before
{Heap before GC invocations=476 (full 61):
 def new generation   total 78656K, used 78504K [0x03a00000, 0x08f50000, 0x08f50000)
  eden space 69952K,  99% used [0x03a00000, 0x07e2a330, 0x07e50000)
  from space 8704K, 100% used [0x086d0000, 0x08f50000, 0x08f50000)
  to   space 8704K,   0% used [0x07e50000, 0x07e50000, 0x086d0000)
 tenured generation   total 174784K, used 158588K [0x08f50000, 0x13a00000, 0x13a00000)
   the space 174784K,  90% used [0x08f50000, 0x12a2f278, 0x12a2f400, 0x13a00000)
 Metaspace       used 12739K, capacity 13723K, committed 13824K, reserved 14720K
Event: 691.726 GC heap after
Heap after GC invocations=477 (full 62):
 def new generation   total 78656K, used 0K [0x03a00000, 0x08f50000, 0x08f50000)
  eden space 69952K,   0% used [0x03a00000, 0x03a00000, 0x07e50000)
  from space 8704K,   0% used [0x086d0000, 0x086d0000, 0x08f50000)
  to   space 8704K,   0% used [0x07e50000, 0x07e50000, 0x086d0000)
 tenured generation   total 174784K, used 92755K [0x08f50000, 0x13a00000, 0x13a00000)
   the space 174784K,  53% used [0x08f50000, 0x0e9e4f58, 0x0e9e5000, 0x13a00000)
 Metaspace       used 12739K, capacity 13723K, committed 13824K, reserved 14720K
}

