# JRE version: Java(TM) SE Runtime Environment (8.0_111-b14) (build 1.8.0_111-b14)
# Java VM: Java HotSpot(TM) Client VM (25.111-b14 mixed mode, sharing windows-x86 )
Heap:
 def new generation   total 77184K, used 52194K [0x03c00000, 0x08fc0000, 0x09150000)
  eden space 68608K,  63% used [0x03c00000, 0x06698920, 0x07f00000)
  from space 8576K, 100% used [0x07f00000, 0x08760000, 0x08760000)
  to   space 8576K,   0% used [0x08760000, 0x08760000, 0x08fc0000)
 tenured generation   total 171324K, used 78182K [0x09150000, 0x1389f000, 0x13c00000)
   the space 171324K,  45% used [0x09150000, 0x0dda9ae0, 0x0dda9c00, 0x1389f000)
 Metaspace       used 11117K, capacity 11803K, committed 11904K, reserved 12672K
GC Heap History (10 events):
Event: 622.064 GC heap before
{Heap before GC invocations=450 (full 56):
 def new generation   total 77184K, used 77184K [0x03c00000, 0x08fc0000, 0x09150000)
  eden space 68608K, 100% used [0x03c00000, 0x07f00000, 0x07f00000)
  from space 8576K, 100% used [0x07f00000, 0x08760000, 0x08760000)
  to   space 8576K,   0% used [0x08760000, 0x08760000, 0x08fc0000)
 tenured generation   total 171324K, used 137784K [0x09150000, 0x1389f000, 0x13c00000)
   the space 171324K,  80% used [0x09150000, 0x117de2f8, 0x117de400, 0x1389f000)
 Metaspace       used 11117K, capacity 11803K, committed 11904K, reserved 12672K
Event: 622.076 GC heap after
Heap after GC invocations=451 (full 56):
 def new generation   total 77184K, used 8576K [0x03c00000, 0x08fc0000, 0x09150000)
  eden space 68608K,   0% used [0x03c00000, 0x03c00000, 0x07f00000)
  from space 8576K, 100% used [0x08760000, 0x08fc0000, 0x08fc0000)
  to   space 8576K,   0% used [0x07f00000, 0x07f00000, 0x08760000)
 tenured generation   total 171324K, used 149375K [0x09150000, 0x1389f000, 0x13c00000)
   the space 171324K,  87% used [0x09150000, 0x1232fd48, 0x1232fe00, 0x1389f000)
 Metaspace       used 11117K, capacity 11803K, committed 11904K, reserved 12672K
}
Event: 622.738 GC heap before
{Heap before GC invocations=451 (full 56):
 def new generation   total 77184K, used 74851K [0x03c00000, 0x08fc0000, 0x09150000)
  eden space 68608K,  96% used [0x03c00000, 0x07cb8ef0, 0x07f00000)
  from space 8576K, 100% used [0x08760000, 0x08fc0000, 0x08fc0000)
  to   space 8576K,   0% used [0x07f00000, 0x07f00000, 0x08760000)
 tenured generation   total 171324K, used 149375K [0x09150000, 0x1389f000, 0x13c00000)
   the space 171324K,  87% used [0x09150000, 0x1232fd48, 0x1232fe00, 0x1389f000)
 Metaspace       used 11117K, capacity 11803K, committed 11904K, reserved 12672K
Event: 622.747 GC heap after
Heap after GC invocations=452 (full 56):
 def new generation   total 77184K, used 8576K [0x03c00000, 0x08fc0000, 0x09150000)
  eden space 68608K,   0% used [0x03c00000, 0x03c00000, 0x07f00000)
  from space 8576K, 100% used [0x07f00000, 0x08760000, 0x08760000)
  to   space 8576K,   0% used [0x08760000, 0x08760000, 0x08fc0000)
 tenured generation   total 171324K, used 158508K [0x09150000, 0x1389f000, 0x13c00000)
   the space 171324K,  92% used [0x09150000, 0x12c1b088, 0x12c1b200, 0x1389f000)
 Metaspace       used 11117K, capacity 11803K, committed 11904K, reserved 12672K
}
Event: 623.581 GC heap before
{Heap before GC invocations=452 (full 56):
 def new generation   total 77184K, used 76775K [0x03c00000, 0x08fc0000, 0x09150000)
  eden space 68608K,  99% used [0x03c00000, 0x07e99ea8, 0x07f00000)
  from space 8576K, 100% used [0x07f00000, 0x08760000, 0x08760000)
  to   space 8576K,   0% used [0x08760000, 0x08760000, 0x08fc0000)
 tenured generation   total 171324K, used 158508K [0x09150000, 0x1389f000, 0x13c00000)
   the space 171324K,  92% used [0x09150000, 0x12c1b088, 0x12c1b200, 0x1389f000)
 Metaspace       used 11117K, capacity 11803K, committed 11904K, reserved 12672K
Event: 623.642 GC heap after
Heap after GC invocations=453 (full 57):
 def new generation   total 77184K, used 0K [0x03c00000, 0x08fc0000, 0x09150000)
  eden space 68608K,   0% used [0x03c00000, 0x03c00000, 0x07f00000)
  from space 8576K,   0% used [0x07f00000, 0x07f00000, 0x08760000)
  to   space 8576K,   0% used [0x08760000, 0x08760000, 0x08fc0000)
 tenured generation   total 171324K, used 63987K [0x09150000, 0x1389f000, 0x13c00000)
   the space 171324K,  37% used [0x09150000, 0x0cfccc78, 0x0cfcce00, 0x1389f000)
 Metaspace       used 11117K, capacity 11803K, committed 11904K, reserved 12672K
}
Event: 624.334 GC heap before
{Heap before GC invocations=453 (full 57):
 def new generation   total 77184K, used 68201K [0x03c00000, 0x08fc0000, 0x09150000)
  eden space 68608K,  99% used [0x03c00000, 0x07e9a578, 0x07f00000)
  from space 8576K,   0% used [0x07f00000, 0x07f00000, 0x08760000)
  to   space 8576K,   0% used [0x08760000, 0x08760000, 0x08fc0000)
 tenured generation   total 171324K, used 63987K [0x09150000, 0x1389f000, 0x13c00000)
   the space 171324K,  37% used [0x09150000, 0x0cfccc78, 0x0cfcce00, 0x1389f000)
 Metaspace       used 11117K, capacity 11803K, committed 11904K, reserved 12672K
Event: 624.340 GC heap after
Heap after GC invocations=454 (full 57):
 def new generation   total 77184K, used 6172K [0x03c00000, 0x08fc0000, 0x09150000)
  eden space 68608K,   0% used [0x03c00000, 0x03c00000, 0x07f00000)
  from space 8576K,  71% used [0x08760000, 0x08d67310, 0x08fc0000)
  to   space 8576K,   0% used [0x07f00000, 0x07f00000, 0x08760000)
 tenured generation   total 171324K, used 63987K [0x09150000, 0x1389f000, 0x13c00000)
   the space 171324K,  37% used [0x09150000, 0x0cfccc78, 0x0cfcce00, 0x1389f000)
 Metaspace       used 11117K, capacity 11803K, committed 11904K, reserved 12672K
}
Event: 624.850 GC heap before
{Heap before GC invocations=454 (full 57):
 def new generation   total 77184K, used 71627K [0x03c00000, 0x08fc0000, 0x09150000)
  eden space 68608K,  95% used [0x03c00000, 0x07bebc80, 0x07f00000)
  from space 8576K,  71% used [0x08760000, 0x08d67310, 0x08fc0000)
  to   space 8576K,   0% used [0x07f00000, 0x07f00000, 0x08760000)
 tenured generation   total 171324K, used 63987K [0x09150000, 0x1389f000, 0x13c00000)
   the space 171324K,  37% used [0x09150000, 0x0cfccc78, 0x0cfcce00, 0x1389f000)
 Metaspace       used 11117K, capacity 11803K, committed 11904K, reserved 12672K
Event: 624.860 GC heap after
Heap after GC invocations=455 (full 57):
 def new generation   total 77184K, used 8576K [0x03c00000, 0x08fc0000, 0x09150000)
  eden space 68608K,   0% used [0x03c00000, 0x03c00000, 0x07f00000)
  from space 8576K, 100% used [0x07f00000, 0x08760000, 0x08760000)
  to   space 8576K,   0% used [0x08760000, 0x08760000, 0x08fc0000)
 tenured generation   total 171324K, used 78182K [0x09150000, 0x1389f000, 0x13c00000)
   the space 171324K,  45% used [0x09150000, 0x0dda9ae0, 0x0dda9c00, 0x1389f000)
 Metaspace       used 11117K, capacity 11803K, committed 11904K, reserved 12672K
}

