# JRE version: Java(TM) SE Runtime Environment (8.0_111-b14) (build 1.8.0_111-b14)
# Java VM: Java HotSpot(TM) Client VM (25.111-b14 mixed mode, sharing windows-x86 )
Heap:
 def new generation   total 74880K, used 51201K [0x03c00000, 0x08d40000, 0x09150000)
  eden space 66560K,  65% used [0x03c00000, 0x06645928, 0x07d00000)
  from space 8320K,  95% used [0x07d00000, 0x084bacb8, 0x08520000)
  to   space 8320K,   0% used [0x08520000, 0x08520000, 0x08d40000)
 tenured generation   total 166260K, used 92778K [0x09150000, 0x133ad000, 0x13c00000)
   the space 166260K,  55% used [0x09150000, 0x0ebeabc0, 0x0ebeac00, 0x133ad000)
 Metaspace       used 11033K, capacity 11724K, committed 11776K, reserved 12672K
GC Heap History (10 events):
Event: 178.234 GC heap before
{Heap before GC invocations=153 (full 20):
 def new generation   total 74880K, used 74549K [0x03c00000, 0x08d40000, 0x09150000)
  eden space 66560K, 100% used [0x03c00000, 0x07d00000, 0x07d00000)
  from space 8320K,  96% used [0x07d00000, 0x084cd730, 0x08520000)
  to   space 8320K,   0% used [0x08520000, 0x08520000, 0x08d40000)
 tenured generation   total 166260K, used 121266K [0x09150000, 0x133ad000, 0x13c00000)
   the space 166260K,  72% used [0x09150000, 0x107bca20, 0x107bcc00, 0x133ad000)
 Metaspace       used 11035K, capacity 11727K, committed 11776K, reserved 12672K
Event: 178.247 GC heap after
Heap after GC invocations=154 (full 20):
 def new generation   total 74880K, used 7257K [0x03c00000, 0x08d40000, 0x09150000)
  eden space 66560K,   0% used [0x03c00000, 0x03c00000, 0x07d00000)
  from space 8320K,  87% used [0x08520000, 0x08c36498, 0x08d40000)
  to   space 8320K,   0% used [0x07d00000, 0x07d00000, 0x08520000)
 tenured generation   total 166260K, used 131628K [0x09150000, 0x133ad000, 0x13c00000)
   the space 166260K,  79% used [0x09150000, 0x111db0a8, 0x111db200, 0x133ad000)
 Metaspace       used 11035K, capacity 11727K, committed 11776K, reserved 12672K
}
Event: 180.342 GC heap before
{Heap before GC invocations=154 (full 20):
 def new generation   total 74880K, used 73817K [0x03c00000, 0x08d40000, 0x09150000)
  eden space 66560K, 100% used [0x03c00000, 0x07d00000, 0x07d00000)
  from space 8320K,  87% used [0x08520000, 0x08c36610, 0x08d40000)
  to   space 8320K,   0% used [0x07d00000, 0x07d00000, 0x08520000)
 tenured generation   total 166260K, used 131628K [0x09150000, 0x133ad000, 0x13c00000)
   the space 166260K,  79% used [0x09150000, 0x111db0a8, 0x111db200, 0x133ad000)
 Metaspace       used 11035K, capacity 11727K, committed 11776K, reserved 12672K
Event: 180.356 GC heap after
Heap after GC invocations=155 (full 20):
 def new generation   total 74880K, used 8228K [0x03c00000, 0x08d40000, 0x09150000)
  eden space 66560K,   0% used [0x03c00000, 0x03c00000, 0x07d00000)
  from space 8320K,  98% used [0x07d00000, 0x08509110, 0x08520000)
  to   space 8320K,   0% used [0x08520000, 0x08520000, 0x08d40000)
 tenured generation   total 166260K, used 152249K [0x09150000, 0x133ad000, 0x13c00000)
   the space 166260K,  91% used [0x09150000, 0x125fe5b0, 0x125fe600, 0x133ad000)
 Metaspace       used 11035K, capacity 11727K, committed 11776K, reserved 12672K
}
Event: 183.050 GC heap before
{Heap before GC invocations=155 (full 20):
 def new generation   total 74880K, used 74788K [0x03c00000, 0x08d40000, 0x09150000)
  eden space 66560K, 100% used [0x03c00000, 0x07d00000, 0x07d00000)
  from space 8320K,  98% used [0x07d00000, 0x08509110, 0x08520000)
  to   space 8320K,   0% used [0x08520000, 0x08520000, 0x08d40000)
 tenured generation   total 166260K, used 152249K [0x09150000, 0x133ad000, 0x13c00000)
   the space 166260K,  91% used [0x09150000, 0x125fe5b0, 0x125fe600, 0x133ad000)
 Metaspace       used 11035K, capacity 11727K, committed 11776K, reserved 12672K
Event: 183.110 GC heap after
Heap after GC invocations=156 (full 21):
 def new generation   total 74880K, used 0K [0x03c00000, 0x08d40000, 0x09150000)
  eden space 66560K,   0% used [0x03c00000, 0x03c00000, 0x07d00000)
  from space 8320K,   0% used [0x07d00000, 0x07d00000, 0x08520000)
  to   space 8320K,   0% used [0x08520000, 0x08520000, 0x08d40000)
 tenured generation   total 166260K, used 81494K [0x09150000, 0x133ad000, 0x13c00000)
   the space 166260K,  49% used [0x09150000, 0x0e0e59c8, 0x0e0e5a00, 0x133ad000)
 Metaspace       used 11033K, capacity 11724K, committed 11776K, reserved 12672K
}
Event: 185.152 GC heap before
{Heap before GC invocations=156 (full 21):
 def new generation   total 74880K, used 66560K [0x03c00000, 0x08d40000, 0x09150000)
  eden space 66560K, 100% used [0x03c00000, 0x07d00000, 0x07d00000)
  from space 8320K,   0% used [0x07d00000, 0x07d00000, 0x08520000)
  to   space 8320K,   0% used [0x08520000, 0x08520000, 0x08d40000)
 tenured generation   total 166260K, used 81494K [0x09150000, 0x133ad000, 0x13c00000)
   the space 166260K,  49% used [0x09150000, 0x0e0e59c8, 0x0e0e5a00, 0x133ad000)
 Metaspace       used 11033K, capacity 11724K, committed 11776K, reserved 12672K
Event: 185.163 GC heap after
Heap after GC invocations=157 (full 21):
 def new generation   total 74880K, used 8279K [0x03c00000, 0x08d40000, 0x09150000)
  eden space 66560K,   0% used [0x03c00000, 0x03c00000, 0x07d00000)
  from space 8320K,  99% used [0x08520000, 0x08d35e70, 0x08d40000)
  to   space 8320K,   0% used [0x07d00000, 0x07d00000, 0x08520000)
 tenured generation   total 166260K, used 92762K [0x09150000, 0x133ad000, 0x13c00000)
   the space 166260K,  55% used [0x09150000, 0x0ebe6980, 0x0ebe6a00, 0x133ad000)
 Metaspace       used 11033K, capacity 11724K, committed 11776K, reserved 12672K
}
Event: 186.403 GC heap before
{Heap before GC invocations=157 (full 21):
 def new generation   total 74880K, used 74312K [0x03c00000, 0x08d40000, 0x09150000)
  eden space 66560K,  99% used [0x03c00000, 0x07c7c338, 0x07d00000)
  from space 8320K,  99% used [0x08520000, 0x08d35e70, 0x08d40000)
  to   space 8320K,   0% used [0x07d00000, 0x07d00000, 0x08520000)
 tenured generation   total 166260K, used 92762K [0x09150000, 0x133ad000, 0x13c00000)
   the space 166260K,  55% used [0x09150000, 0x0ebe6980, 0x0ebe6a00, 0x133ad000)
 Metaspace       used 11033K, capacity 11724K, committed 11776K, reserved 12672K
Event: 186.410 GC heap after
Heap after GC invocations=158 (full 21):
 def new generation   total 74880K, used 7915K [0x03c00000, 0x08d40000, 0x09150000)
  eden space 66560K,   0% used [0x03c00000, 0x03c00000, 0x07d00000)
  from space 8320K,  95% used [0x07d00000, 0x084bacb8, 0x08520000)
  to   space 8320K,   0% used [0x08520000, 0x08520000, 0x08d40000)
 tenured generation   total 166260K, used 92778K [0x09150000, 0x133ad000, 0x13c00000)
   the space 166260K,  55% used [0x09150000, 0x0ebeabc0, 0x0ebeac00, 0x133ad000)
 Metaspace       used 11033K, capacity 11724K, committed 11776K, reserved 12672K
}

