# JRE version: Java(TM) SE Runtime Environment (8.0_111-b14) (build 1.8.0_111-b14)
# Java VM: Java HotSpot(TM) Client VM (25.111-b14 mixed mode, sharing windows-x86 )
Heap:
 def new generation   total 78656K, used 12617K [0x03a00000, 0x08f50000, 0x08f50000)
  eden space 69952K,   5% used [0x03a00000, 0x03dd25f0, 0x07e50000)
  from space 8704K, 100% used [0x07e50000, 0x086d0000, 0x086d0000)
  to   space 8704K,   0% used [0x086d0000, 0x086d0000, 0x08f50000)
 tenured generation   total 174784K, used 151984K [0x08f50000, 0x13a00000, 0x13a00000)
   the space 174784K,  86% used [0x08f50000, 0x123bc2e8, 0x123bc400, 0x13a00000)
 Metaspace       used 11219K, capacity 11937K, committed 12032K, reserved 12672K
GC Heap History (10 events):
Event: 2595.621 GC heap before
{Heap before GC invocations=1645 (full 221):
 def new generation   total 78656K, used 76816K [0x03a00000, 0x08f50000, 0x08f50000)
  eden space 69952K,  98% used [0x03a00000, 0x07d53928, 0x07e50000)
  from space 8704K,  90% used [0x086d0000, 0x08e807e0, 0x08f50000)
  to   space 8704K,   0% used [0x07e50000, 0x07e50000, 0x086d0000)
 tenured generation   total 174784K, used 98812K [0x08f50000, 0x13a00000, 0x13a00000)
   the space 174784K,  56% used [0x08f50000, 0x0efcf210, 0x0efcf400, 0x13a00000)
 Metaspace       used 11219K, capacity 11937K, committed 12032K, reserved 12672K
Event: 2595.635 GC heap after
Heap after GC invocations=1646 (full 221):
 def new generation   total 78656K, used 8704K [0x03a00000, 0x08f50000, 0x08f50000)
  eden space 69952K,   0% used [0x03a00000, 0x03a00000, 0x07e50000)
  from space 8704K, 100% used [0x07e50000, 0x086d0000, 0x086d0000)
  to   space 8704K,   0% used [0x086d0000, 0x086d0000, 0x08f50000)
 tenured generation   total 174784K, used 104157K [0x08f50000, 0x13a00000, 0x13a00000)
   the space 174784K,  59% used [0x08f50000, 0x0f507658, 0x0f507800, 0x13a00000)
 Metaspace       used 11219K, capacity 11937K, committed 12032K, reserved 12672K
}
Event: 2598.572 GC heap before
{Heap before GC invocations=1646 (full 221):
 def new generation   total 78656K, used 78656K [0x03a00000, 0x08f50000, 0x08f50000)
  eden space 69952K, 100% used [0x03a00000, 0x07e50000, 0x07e50000)
  from space 8704K, 100% used [0x07e50000, 0x086d0000, 0x086d0000)
  to   space 8704K,   0% used [0x086d0000, 0x086d0000, 0x08f50000)
 tenured generation   total 174784K, used 104157K [0x08f50000, 0x13a00000, 0x13a00000)
   the space 174784K,  59% used [0x08f50000, 0x0f507658, 0x0f507800, 0x13a00000)
 Metaspace       used 11219K, capacity 11937K, committed 12032K, reserved 12672K
Event: 2598.578 GC heap after
Heap after GC invocations=1647 (full 221):
 def new generation   total 78656K, used 7542K [0x03a00000, 0x08f50000, 0x08f50000)
  eden space 69952K,   0% used [0x03a00000, 0x03a00000, 0x07e50000)
  from space 8704K,  86% used [0x086d0000, 0x08e2d818, 0x08f50000)
  to   space 8704K,   0% used [0x07e50000, 0x07e50000, 0x086d0000)
 tenured generation   total 174784K, used 109943K [0x08f50000, 0x13a00000, 0x13a00000)
   the space 174784K,  62% used [0x08f50000, 0x0faadc78, 0x0faade00, 0x13a00000)
 Metaspace       used 11219K, capacity 11937K, committed 12032K, reserved 12672K
}
Event: 2600.974 GC heap before
{Heap before GC invocations=1647 (full 221):
 def new generation   total 78656K, used 77494K [0x03a00000, 0x08f50000, 0x08f50000)
  eden space 69952K, 100% used [0x03a00000, 0x07e50000, 0x07e50000)
  from space 8704K,  86% used [0x086d0000, 0x08e2d818, 0x08f50000)
  to   space 8704K,   0% used [0x07e50000, 0x07e50000, 0x086d0000)
 tenured generation   total 174784K, used 109943K [0x08f50000, 0x13a00000, 0x13a00000)
   the space 174784K,  62% used [0x08f50000, 0x0faadc78, 0x0faade00, 0x13a00000)
 Metaspace       used 11219K, capacity 11937K, committed 12032K, reserved 12672K
Event: 2600.993 GC heap after
Heap after GC invocations=1648 (full 221):
 def new generation   total 78656K, used 6832K [0x03a00000, 0x08f50000, 0x08f50000)
  eden space 69952K,   0% used [0x03a00000, 0x03a00000, 0x07e50000)
  from space 8704K,  78% used [0x07e50000, 0x084fc0b0, 0x086d0000)
  to   space 8704K,   0% used [0x086d0000, 0x086d0000, 0x08f50000)
 tenured generation   total 174784K, used 133493K [0x08f50000, 0x13a00000, 0x13a00000)
   the space 174784K,  76% used [0x08f50000, 0x111ad438, 0x111ad600, 0x13a00000)
 Metaspace       used 11219K, capacity 11937K, committed 12032K, reserved 12672K
}
Event: 2603.602 GC heap before
{Heap before GC invocations=1648 (full 221):
 def new generation   total 78656K, used 76784K [0x03a00000, 0x08f50000, 0x08f50000)
  eden space 69952K, 100% used [0x03a00000, 0x07e50000, 0x07e50000)
  from space 8704K,  78% used [0x07e50000, 0x084fc0b0, 0x086d0000)
  to   space 8704K,   0% used [0x086d0000, 0x086d0000, 0x08f50000)
 tenured generation   total 174784K, used 133493K [0x08f50000, 0x13a00000, 0x13a00000)
   the space 174784K,  76% used [0x08f50000, 0x111ad438, 0x111ad600, 0x13a00000)
 Metaspace       used 11219K, capacity 11937K, committed 12032K, reserved 12672K
Event: 2603.614 GC heap after
Heap after GC invocations=1649 (full 221):
 def new generation   total 78656K, used 8082K [0x03a00000, 0x08f50000, 0x08f50000)
  eden space 69952K,   0% used [0x03a00000, 0x03a00000, 0x07e50000)
  from space 8704K,  92% used [0x086d0000, 0x08eb4bd0, 0x08f50000)
  to   space 8704K,   0% used [0x07e50000, 0x07e50000, 0x086d0000)
 tenured generation   total 174784K, used 142887K [0x08f50000, 0x13a00000, 0x13a00000)
   the space 174784K,  81% used [0x08f50000, 0x11ad9f88, 0x11ada000, 0x13a00000)
 Metaspace       used 11219K, capacity 11937K, committed 12032K, reserved 12672K
}
Event: 2605.649 GC heap before
{Heap before GC invocations=1649 (full 221):
 def new generation   total 78656K, used 77992K [0x03a00000, 0x08f50000, 0x08f50000)
  eden space 69952K,  99% used [0x03a00000, 0x07e457e0, 0x07e50000)
  from space 8704K,  92% used [0x086d0000, 0x08eb4bd0, 0x08f50000)
  to   space 8704K,   0% used [0x07e50000, 0x07e50000, 0x086d0000)
 tenured generation   total 174784K, used 142887K [0x08f50000, 0x13a00000, 0x13a00000)
   the space 174784K,  81% used [0x08f50000, 0x11ad9f88, 0x11ada000, 0x13a00000)
 Metaspace       used 11219K, capacity 11937K, committed 12032K, reserved 12672K
Event: 2605.659 GC heap after
Heap after GC invocations=1650 (full 221):
 def new generation   total 78656K, used 8704K [0x03a00000, 0x08f50000, 0x08f50000)
  eden space 69952K,   0% used [0x03a00000, 0x03a00000, 0x07e50000)
  from space 8704K, 100% used [0x07e50000, 0x086d0000, 0x086d0000)
  to   space 8704K,   0% used [0x086d0000, 0x086d0000, 0x08f50000)
 tenured generation   total 174784K, used 151984K [0x08f50000, 0x13a00000, 0x13a00000)
   the space 174784K,  86% used [0x08f50000, 0x123bc2e8, 0x123bc400, 0x13a00000)
 Metaspace       used 11219K, capacity 11937K, committed 12032K, reserved 12672K
}

