# JRE version: Java(TM) SE Runtime Environment (8.0_111-b14) (build 1.8.0_111-b14)
# Java VM: Java HotSpot(TM) Client VM (25.111-b14 mixed mode, sharing windows-x86 )
Heap:
 def new generation   total 78656K, used 50308K [0x03a00000, 0x08f50000, 0x08f50000)
  eden space 69952K,  59% used [0x03a00000, 0x062a1230, 0x07e50000)
  from space 8704K, 100% used [0x07e50000, 0x086d0000, 0x086d0000)
  to   space 8704K,   0% used [0x086d0000, 0x086d0000, 0x08f50000)
 tenured generation   total 174784K, used 107405K [0x08f50000, 0x13a00000, 0x13a00000)
   the space 174784K,  61% used [0x08f50000, 0x0f833700, 0x0f833800, 0x13a00000)
 Metaspace       used 11095K, capacity 11821K, committed 11904K, reserved 12672K
GC Heap History (10 events):
Event: 2870.365 GC heap before
{Heap before GC invocations=1879 (full 249):
 def new generation   total 78656K, used 75886K [0x03a00000, 0x08f50000, 0x08f50000)
  eden space 69952K, 100% used [0x03a00000, 0x07e50000, 0x07e50000)
  from space 8704K,  68% used [0x07e50000, 0x0841b9e8, 0x086d0000)
  to   space 8704K,   0% used [0x086d0000, 0x086d0000, 0x08f50000)
 tenured generation   total 174784K, used 134377K [0x08f50000, 0x13a00000, 0x13a00000)
   the space 174784K,  76% used [0x08f50000, 0x1128a6b8, 0x1128a800, 0x13a00000)
 Metaspace       used 11095K, capacity 11821K, committed 11904K, reserved 12672K
Event: 2870.374 GC heap after
Heap after GC invocations=1880 (full 249):
 def new generation   total 78656K, used 8704K [0x03a00000, 0x08f50000, 0x08f50000)
  eden space 69952K,   0% used [0x03a00000, 0x03a00000, 0x07e50000)
  from space 8704K, 100% used [0x086d0000, 0x08f50000, 0x08f50000)
  to   space 8704K,   0% used [0x07e50000, 0x07e50000, 0x086d0000)
 tenured generation   total 174784K, used 147610K [0x08f50000, 0x13a00000, 0x13a00000)
   the space 174784K,  84% used [0x08f50000, 0x11f76988, 0x11f76a00, 0x13a00000)
 Metaspace       used 11095K, capacity 11821K, committed 11904K, reserved 12672K
}
Event: 2870.758 GC heap before
{Heap before GC invocations=1880 (full 249):
 def new generation   total 78656K, used 78656K [0x03a00000, 0x08f50000, 0x08f50000)
  eden space 69952K, 100% used [0x03a00000, 0x07e50000, 0x07e50000)
  from space 8704K, 100% used [0x086d0000, 0x08f50000, 0x08f50000)
  to   space 8704K,   0% used [0x07e50000, 0x07e50000, 0x086d0000)
 tenured generation   total 174784K, used 147610K [0x08f50000, 0x13a00000, 0x13a00000)
   the space 174784K,  84% used [0x08f50000, 0x11f76988, 0x11f76a00, 0x13a00000)
 Metaspace       used 11095K, capacity 11821K, committed 11904K, reserved 12672K
Event: 2870.766 GC heap after
Heap after GC invocations=1881 (full 249):
 def new generation   total 78656K, used 8466K [0x03a00000, 0x08f50000, 0x08f50000)
  eden space 69952K,   0% used [0x03a00000, 0x03a00000, 0x07e50000)
  from space 8704K,  97% used [0x07e50000, 0x08694970, 0x086d0000)
  to   space 8704K,   0% used [0x086d0000, 0x086d0000, 0x08f50000)
 tenured generation   total 174784K, used 153121K [0x08f50000, 0x13a00000, 0x13a00000)
   the space 174784K,  87% used [0x08f50000, 0x124d8438, 0x124d8600, 0x13a00000)
 Metaspace       used 11095K, capacity 11821K, committed 11904K, reserved 12672K
}
Event: 2871.245 GC heap before
{Heap before GC invocations=1881 (full 249):
 def new generation   total 78656K, used 78418K [0x03a00000, 0x08f50000, 0x08f50000)
  eden space 69952K, 100% used [0x03a00000, 0x07e50000, 0x07e50000)
  from space 8704K,  97% used [0x07e50000, 0x08694970, 0x086d0000)
  to   space 8704K,   0% used [0x086d0000, 0x086d0000, 0x08f50000)
 tenured generation   total 174784K, used 153121K [0x08f50000, 0x13a00000, 0x13a00000)
   the space 174784K,  87% used [0x08f50000, 0x124d8438, 0x124d8600, 0x13a00000)
 Metaspace       used 11095K, capacity 11821K, committed 11904K, reserved 12672K
Event: 2871.258 GC heap after
Heap after GC invocations=1882 (full 249):
 def new generation   total 78656K, used 8704K [0x03a00000, 0x08f50000, 0x08f50000)
  eden space 69952K,   0% used [0x03a00000, 0x03a00000, 0x07e50000)
  from space 8704K, 100% used [0x086d0000, 0x08f50000, 0x08f50000)
  to   space 8704K,   0% used [0x07e50000, 0x07e50000, 0x086d0000)
 tenured generation   total 174784K, used 165535K [0x08f50000, 0x13a00000, 0x13a00000)
   the space 174784K,  94% used [0x08f50000, 0x130f7ea0, 0x130f8000, 0x13a00000)
 Metaspace       used 11095K, capacity 11821K, committed 11904K, reserved 12672K
}
Event: 2872.620 GC heap before
{Heap before GC invocations=1882 (full 249):
 def new generation   total 78656K, used 78656K [0x03a00000, 0x08f50000, 0x08f50000)
  eden space 69952K, 100% used [0x03a00000, 0x07e50000, 0x07e50000)
  from space 8704K, 100% used [0x086d0000, 0x08f50000, 0x08f50000)
  to   space 8704K,   0% used [0x07e50000, 0x07e50000, 0x086d0000)
 tenured generation   total 174784K, used 165535K [0x08f50000, 0x13a00000, 0x13a00000)
   the space 174784K,  94% used [0x08f50000, 0x130f7ea0, 0x130f8000, 0x13a00000)
 Metaspace       used 11095K, capacity 11821K, committed 11904K, reserved 12672K
Event: 2872.710 GC heap after
Heap after GC invocations=1883 (full 250):
 def new generation   total 78656K, used 0K [0x03a00000, 0x08f50000, 0x08f50000)
  eden space 69952K,   0% used [0x03a00000, 0x03a00000, 0x07e50000)
  from space 8704K,   0% used [0x086d0000, 0x086d0000, 0x08f50000)
  to   space 8704K,   0% used [0x07e50000, 0x07e50000, 0x086d0000)
 tenured generation   total 174784K, used 97283K [0x08f50000, 0x13a00000, 0x13a00000)
   the space 174784K,  55% used [0x08f50000, 0x0ee50fb8, 0x0ee51000, 0x13a00000)
 Metaspace       used 11095K, capacity 11821K, committed 11904K, reserved 12672K
}
Event: 2873.973 GC heap before
{Heap before GC invocations=1883 (full 250):
 def new generation   total 78656K, used 69952K [0x03a00000, 0x08f50000, 0x08f50000)
  eden space 69952K, 100% used [0x03a00000, 0x07e50000, 0x07e50000)
  from space 8704K,   0% used [0x086d0000, 0x086d0000, 0x08f50000)
  to   space 8704K,   0% used [0x07e50000, 0x07e50000, 0x086d0000)
 tenured generation   total 174784K, used 97283K [0x08f50000, 0x13a00000, 0x13a00000)
   the space 174784K,  55% used [0x08f50000, 0x0ee50fb8, 0x0ee51000, 0x13a00000)
 Metaspace       used 11095K, capacity 11821K, committed 11904K, reserved 12672K
Event: 2873.985 GC heap after
Heap after GC invocations=1884 (full 250):
 def new generation   total 78656K, used 8704K [0x03a00000, 0x08f50000, 0x08f50000)
  eden space 69952K,   0% used [0x03a00000, 0x03a00000, 0x07e50000)
  from space 8704K, 100% used [0x07e50000, 0x086d0000, 0x086d0000)
  to   space 8704K,   0% used [0x086d0000, 0x086d0000, 0x08f50000)
 tenured generation   total 174784K, used 107405K [0x08f50000, 0x13a00000, 0x13a00000)
   the space 174784K,  61% used [0x08f50000, 0x0f833700, 0x0f833800, 0x13a00000)
 Metaspace       used 11095K, capacity 11821K, committed 11904K, reserved 12672K
}

