# JRE version: Java(TM) SE Runtime Environment (8.0_111-b14) (build 1.8.0_111-b14)
# Java VM: Java HotSpot(TM) Client VM (25.111-b14 mixed mode, sharing windows-x86 )
Heap:
 def new generation   total 78656K, used 57903K [0x03a00000, 0x08f50000, 0x08f50000)
  eden space 69952K,  70% used [0x03a00000, 0x06a30f88, 0x07e50000)
  from space 8704K,  98% used [0x086d0000, 0x08f2ae08, 0x08f50000)
  to   space 8704K,   0% used [0x07e50000, 0x07e50000, 0x086d0000)
 tenured generation   total 174784K, used 161476K [0x08f50000, 0x13a00000, 0x13a00000)
   the space 174784K,  92% used [0x08f50000, 0x12d013a8, 0x12d01400, 0x13a00000)
 Metaspace       used 13168K, capacity 14215K, committed 14336K, reserved 14720K
GC Heap History (10 events):
Event: 771.370 GC heap before
{Heap before GC invocations=857 (full 200):
 def new generation   total 78656K, used 76946K [0x03a00000, 0x08f50000, 0x08f50000)
  eden space 69952K,  98% used [0x03a00000, 0x07d18ac0, 0x07e50000)
  from space 8704K,  94% used [0x086d0000, 0x08edbee8, 0x08f50000)
  to   space 8704K,   0% used [0x07e50000, 0x07e50000, 0x086d0000)
 tenured generation   total 174784K, used 167322K [0x08f50000, 0x13a00000, 0x13a00000)
   the space 174784K,  95% used [0x08f50000, 0x132b6b70, 0x132b6c00, 0x13a00000)
 Metaspace       used 13168K, capacity 14215K, committed 14336K, reserved 14720K
Event: 771.370 GC heap after
Heap after GC invocations=858 (full 200):
 def new generation   total 78656K, used 76946K [0x03a00000, 0x08f50000, 0x08f50000)
  eden space 69952K,  98% used [0x03a00000, 0x07d18ac0, 0x07e50000)
  from space 8704K,  94% used [0x086d0000, 0x08edbee8, 0x08f50000)
  to   space 8704K,   0% used [0x07e50000, 0x07e50000, 0x086d0000)
 tenured generation   total 174784K, used 167322K [0x08f50000, 0x13a00000, 0x13a00000)
   the space 174784K,  95% used [0x08f50000, 0x132b6b70, 0x132b6c00, 0x13a00000)
 Metaspace       used 13168K, capacity 14215K, committed 14336K, reserved 14720K
}
Event: 771.370 GC heap before
{Heap before GC invocations=858 (full 200):
 def new generation   total 78656K, used 76946K [0x03a00000, 0x08f50000, 0x08f50000)
  eden space 69952K,  98% used [0x03a00000, 0x07d18ac0, 0x07e50000)
  from space 8704K,  94% used [0x086d0000, 0x08edbee8, 0x08f50000)
  to   space 8704K,   0% used [0x07e50000, 0x07e50000, 0x086d0000)
 tenured generation   total 174784K, used 167322K [0x08f50000, 0x13a00000, 0x13a00000)
   the space 174784K,  95% used [0x08f50000, 0x132b6b70, 0x132b6c00, 0x13a00000)
 Metaspace       used 13168K, capacity 14215K, committed 14336K, reserved 14720K
Event: 771.483 GC heap after
Heap after GC invocations=859 (full 201):
 def new generation   total 78656K, used 0K [0x03a00000, 0x08f50000, 0x08f50000)
  eden space 69952K,   0% used [0x03a00000, 0x03a00000, 0x07e50000)
  from space 8704K,   0% used [0x086d0000, 0x086d0000, 0x08f50000)
  to   space 8704K,   0% used [0x07e50000, 0x07e50000, 0x086d0000)
 tenured generation   total 174784K, used 158098K [0x08f50000, 0x13a00000, 0x13a00000)
   the space 174784K,  90% used [0x08f50000, 0x129b49d8, 0x129b4a00, 0x13a00000)
 Metaspace       used 13168K, capacity 14215K, committed 14336K, reserved 14720K
}
Event: 772.060 GC heap before
{Heap before GC invocations=859 (full 201):
 def new generation   total 78656K, used 66568K [0x03a00000, 0x08f50000, 0x08f50000)
  eden space 69952K,  95% used [0x03a00000, 0x07b02090, 0x07e50000)
  from space 8704K,   0% used [0x086d0000, 0x086d0000, 0x08f50000)
  to   space 8704K,   0% used [0x07e50000, 0x07e50000, 0x086d0000)
 tenured generation   total 174784K, used 158098K [0x08f50000, 0x13a00000, 0x13a00000)
   the space 174784K,  90% used [0x08f50000, 0x129b49d8, 0x129b4a00, 0x13a00000)
 Metaspace       used 13168K, capacity 14215K, committed 14336K, reserved 14720K
Event: 772.071 GC heap after
Heap after GC invocations=860 (full 201):
 def new generation   total 78656K, used 8704K [0x03a00000, 0x08f50000, 0x08f50000)
  eden space 69952K,   0% used [0x03a00000, 0x03a00000, 0x07e50000)
  from space 8704K, 100% used [0x07e50000, 0x086d0000, 0x086d0000)
  to   space 8704K,   0% used [0x086d0000, 0x086d0000, 0x08f50000)
 tenured generation   total 174784K, used 164150K [0x08f50000, 0x13a00000, 0x13a00000)
   the space 174784K,  93% used [0x08f50000, 0x12f9daf8, 0x12f9dc00, 0x13a00000)
 Metaspace       used 13168K, capacity 14215K, committed 14336K, reserved 14720K
}
Event: 772.962 GC heap before
{Heap before GC invocations=860 (full 201):
 def new generation   total 78656K, used 78656K [0x03a00000, 0x08f50000, 0x08f50000)
  eden space 69952K, 100% used [0x03a00000, 0x07e50000, 0x07e50000)
  from space 8704K, 100% used [0x07e50000, 0x086d0000, 0x086d0000)
  to   space 8704K,   0% used [0x086d0000, 0x086d0000, 0x08f50000)
 tenured generation   total 174784K, used 164150K [0x08f50000, 0x13a00000, 0x13a00000)
   the space 174784K,  93% used [0x08f50000, 0x12f9daf8, 0x12f9dc00, 0x13a00000)
 Metaspace       used 13168K, capacity 14215K, committed 14336K, reserved 14720K
Event: 773.066 GC heap after
Heap after GC invocations=861 (full 202):
 def new generation   total 78656K, used 0K [0x03a00000, 0x08f50000, 0x08f50000)
  eden space 69952K,   0% used [0x03a00000, 0x03a00000, 0x07e50000)
  from space 8704K,   0% used [0x07e50000, 0x07e50000, 0x086d0000)
  to   space 8704K,   0% used [0x086d0000, 0x086d0000, 0x08f50000)
 tenured generation   total 174784K, used 161476K [0x08f50000, 0x13a00000, 0x13a00000)
   the space 174784K,  92% used [0x08f50000, 0x12d013a8, 0x12d01400, 0x13a00000)
 Metaspace       used 13168K, capacity 14215K, committed 14336K, reserved 14720K
}
Event: 774.510 GC heap before
{Heap before GC invocations=861 (full 202):
 def new generation   total 78656K, used 67547K [0x03a00000, 0x08f50000, 0x08f50000)
  eden space 69952K,  96% used [0x03a00000, 0x07bf6e38, 0x07e50000)
  from space 8704K,   0% used [0x07e50000, 0x07e50000, 0x086d0000)
  to   space 8704K,   0% used [0x086d0000, 0x086d0000, 0x08f50000)
 tenured generation   total 174784K, used 161476K [0x08f50000, 0x13a00000, 0x13a00000)
   the space 174784K,  92% used [0x08f50000, 0x12d013a8, 0x12d01400, 0x13a00000)
 Metaspace       used 13168K, capacity 14215K, committed 14336K, reserved 14720K
Event: 774.517 GC heap after
Heap after GC invocations=862 (full 202):
 def new generation   total 78656K, used 8555K [0x03a00000, 0x08f50000, 0x08f50000)
  eden space 69952K,   0% used [0x03a00000, 0x03a00000, 0x07e50000)
  from space 8704K,  98% used [0x086d0000, 0x08f2ae08, 0x08f50000)
  to   space 8704K,   0% used [0x07e50000, 0x07e50000, 0x086d0000)
 tenured generation   total 174784K, used 161476K [0x08f50000, 0x13a00000, 0x13a00000)
   the space 174784K,  92% used [0x08f50000, 0x12d013a8, 0x12d01400, 0x13a00000)
 Metaspace       used 13168K, capacity 14215K, committed 14336K, reserved 14720K
}

