# JRE version: Java(TM) SE Runtime Environment (8.0_111-b14) (build 1.8.0_111-b14)
# Java VM: Java HotSpot(TM) Client VM (25.111-b14 mixed mode, sharing windows-x86 )
Heap:
 def new generation   total 14272K, used 2291K [0x03a00000, 0x04970000, 0x08f50000)
  eden space 12736K,   7% used [0x03a00000, 0x03aef338, 0x04670000)
  from space 1536K,  87% used [0x04670000, 0x047bfb18, 0x047f0000)
  to   space 1536K,   0% used [0x047f0000, 0x047f0000, 0x04970000)
 tenured generation   total 31500K, used 24757K [0x08f50000, 0x0ae13000, 0x13a00000)
   the space 31500K,  78% used [0x08f50000, 0x0a77d438, 0x0a77d600, 0x0ae13000)
 Metaspace       used 10502K, capacity 11107K, committed 11136K, reserved 11648K
GC Heap History (10 events):
Event: 1.773 GC heap before
{Heap before GC invocations=17 (full 1):
 def new generation   total 8704K, used 8036K [0x03a00000, 0x04370000, 0x08f50000)
  eden space 7744K, 100% used [0x03a00000, 0x04190000, 0x04190000)
  from space 960K,  30% used [0x04190000, 0x041d91b0, 0x04280000)
  to   space 960K,   0% used [0x04280000, 0x04280000, 0x04370000)
 tenured generation   total 19116K, used 15779K [0x08f50000, 0x0a1fb000, 0x13a00000)
   the space 19116K,  82% used [0x08f50000, 0x09eb8d70, 0x09eb8e00, 0x0a1fb000)
 Metaspace       used 10484K, capacity 11094K, committed 11136K, reserved 11648K
Event: 1.775 GC heap after
Heap after GC invocations=18 (full 1):
 def new generation   total 8704K, used 418K [0x03a00000, 0x04370000, 0x08f50000)
  eden space 7744K,   0% used [0x03a00000, 0x03a00000, 0x04190000)
  from space 960K,  43% used [0x04280000, 0x042e8a78, 0x04370000)
  to   space 960K,   0% used [0x04190000, 0x04190000, 0x04280000)
 tenured generation   total 19116K, used 15779K [0x08f50000, 0x0a1fb000, 0x13a00000)
   the space 19116K,  82% used [0x08f50000, 0x09eb8d70, 0x09eb8e00, 0x0a1fb000)
 Metaspace       used 10484K, capacity 11094K, committed 11136K, reserved 11648K
}
Event: 1.860 GC heap before
{Heap before GC invocations=18 (full 1):
 def new generation   total 8704K, used 7619K [0x03a00000, 0x04370000, 0x08f50000)
  eden space 7744K,  92% used [0x03a00000, 0x04108478, 0x04190000)
  from space 960K,  43% used [0x04280000, 0x042e8a78, 0x04370000)
  to   space 960K,   0% used [0x04190000, 0x04190000, 0x04280000)
 tenured generation   total 19116K, used 15779K [0x08f50000, 0x0a1fb000, 0x13a00000)
   the space 19116K,  82% used [0x08f50000, 0x09eb8d70, 0x09eb8e00, 0x0a1fb000)
 Metaspace       used 10484K, capacity 11094K, committed 11136K, reserved 11648K
Event: 1.864 GC heap after
Heap after GC invocations=19 (full 1):
 def new generation   total 8704K, used 702K [0x03a00000, 0x04370000, 0x08f50000)
  eden space 7744K,   0% used [0x03a00000, 0x03a00000, 0x04190000)
  from space 960K,  73% used [0x04190000, 0x0423faa0, 0x04280000)
  to   space 960K,   0% used [0x04280000, 0x04280000, 0x04370000)
 tenured generation   total 19116K, used 18255K [0x08f50000, 0x0a1fb000, 0x13a00000)
   the space 19116K,  95% used [0x08f50000, 0x0a123fa8, 0x0a124000, 0x0a1fb000)
 Metaspace       used 10484K, capacity 11094K, committed 11136K, reserved 11648K
}
Event: 1.935 GC heap before
{Heap before GC invocations=19 (full 1):
 def new generation   total 8704K, used 8210K [0x03a00000, 0x04370000, 0x08f50000)
  eden space 7744K,  96% used [0x03a00000, 0x04155148, 0x04190000)
  from space 960K,  73% used [0x04190000, 0x0423faa0, 0x04280000)
  to   space 960K,   0% used [0x04280000, 0x04280000, 0x04370000)
 tenured generation   total 19116K, used 18255K [0x08f50000, 0x0a1fb000, 0x13a00000)
   the space 19116K,  95% used [0x08f50000, 0x0a123fa8, 0x0a124000, 0x0a1fb000)
 Metaspace       used 10487K, capacity 11097K, committed 11136K, reserved 11648K
Event: 1.938 GC heap after
Heap after GC invocations=20 (full 1):
 def new generation   total 8704K, used 854K [0x03a00000, 0x04370000, 0x08f50000)
  eden space 7744K,   0% used [0x03a00000, 0x03a00000, 0x04190000)
  from space 960K,  89% used [0x04280000, 0x04355bb0, 0x04370000)
  to   space 960K,   0% used [0x04190000, 0x04190000, 0x04280000)
 tenured generation   total 19116K, used 18592K [0x08f50000, 0x0a1fb000, 0x13a00000)
   the space 19116K,  97% used [0x08f50000, 0x0a178238, 0x0a178400, 0x0a1fb000)
 Metaspace       used 10487K, capacity 11097K, committed 11136K, reserved 11648K
}
Event: 2.083 GC heap before
{Heap before GC invocations=20 (full 1):
 def new generation   total 8704K, used 8598K [0x03a00000, 0x04370000, 0x08f50000)
  eden space 7744K, 100% used [0x03a00000, 0x04190000, 0x04190000)
  from space 960K,  89% used [0x04280000, 0x04355bb0, 0x04370000)
  to   space 960K,   0% used [0x04190000, 0x04190000, 0x04280000)
 tenured generation   total 19116K, used 18592K [0x08f50000, 0x0a1fb000, 0x13a00000)
   the space 19116K,  97% used [0x08f50000, 0x0a178238, 0x0a178400, 0x0a1fb000)
 Metaspace       used 10497K, capacity 11104K, committed 11136K, reserved 11648K
Event: 2.113 GC heap after
Heap after GC invocations=21 (full 2):
 def new generation   total 14272K, used 0K [0x03a00000, 0x04970000, 0x08f50000)
  eden space 12736K,   0% used [0x03a00000, 0x03a00000, 0x04670000)
  from space 1536K,   0% used [0x04670000, 0x04670000, 0x047f0000)
  to   space 1536K,   0% used [0x047f0000, 0x047f0000, 0x04970000)
 tenured generation   total 31500K, used 18897K [0x08f50000, 0x0ae13000, 0x13a00000)
   the space 31500K,  59% used [0x08f50000, 0x0a1c46a8, 0x0a1c4800, 0x0ae13000)
 Metaspace       used 10497K, capacity 11104K, committed 11136K, reserved 11648K
}
Event: 2.205 GC heap before
{Heap before GC invocations=21 (full 2):
 def new generation   total 14272K, used 11881K [0x03a00000, 0x04970000, 0x08f50000)
  eden space 12736K,  93% used [0x03a00000, 0x0459a4a0, 0x04670000)
  from space 1536K,   0% used [0x04670000, 0x04670000, 0x047f0000)
  to   space 1536K,   0% used [0x047f0000, 0x047f0000, 0x04970000)
 tenured generation   total 31500K, used 18897K [0x08f50000, 0x0ae13000, 0x13a00000)
   the space 31500K,  59% used [0x08f50000, 0x0a1c46a8, 0x0a1c4800, 0x0ae13000)
 Metaspace       used 10501K, capacity 11104K, committed 11136K, reserved 11648K
Event: 2.208 GC heap after
Heap after GC invocations=22 (full 2):
 def new generation   total 14272K, used 713K [0x03a00000, 0x04970000, 0x08f50000)
  eden space 12736K,   0% used [0x03a00000, 0x03a00000, 0x04670000)
  from space 1536K,  46% used [0x047f0000, 0x048a2660, 0x04970000)
  to   space 1536K,   0% used [0x04670000, 0x04670000, 0x047f0000)
 tenured generation   total 31500K, used 18897K [0x08f50000, 0x0ae13000, 0x13a00000)
   the space 31500K,  59% used [0x08f50000, 0x0a1c46a8, 0x0a1c4800, 0x0ae13000)
 Metaspace       used 10501K, capacity 11104K, committed 11136K, reserved 11648K
}

