# JRE version: Java(TM) SE Runtime Environment (8.0_111-b14) (build 1.8.0_111-b14)
# Java VM: Java HotSpot(TM) Client VM (25.111-b14 mixed mode, sharing windows-x86 )
Heap:
 def new generation   total 56000K, used 9399K [0x03c00000, 0x078c0000, 0x09150000)
  eden space 49792K,   6% used [0x03c00000, 0x03f1dec8, 0x06ca0000)
  from space 6208K, 100% used [0x072b0000, 0x078c0000, 0x078c0000)
  to   space 6208K,   0% used [0x06ca0000, 0x06ca0000, 0x072b0000)
 tenured generation   total 124136K, used 74108K [0x09150000, 0x10a8a000, 0x13c00000)
   the space 124136K,  59% used [0x09150000, 0x0d9af048, 0x0d9af200, 0x10a8a000)
 Metaspace       used 11284K, capacity 12046K, committed 12160K, reserved 12672K
GC Heap History (10 events):
Event: 9.589 GC heap before
{Heap before GC invocations=45 (full 8):
 def new generation   total 46208K, used 41088K [0x03c00000, 0x06e20000, 0x09150000)
  eden space 41088K, 100% used [0x03c00000, 0x06420000, 0x06420000)
  from space 5120K,   0% used [0x06420000, 0x06420018, 0x06920000)
  to   space 5120K,   0% used [0x06920000, 0x06920000, 0x06e20000)
 tenured generation   total 102420K, used 61452K [0x09150000, 0x0f555000, 0x13c00000)
   the space 102420K,  60% used [0x09150000, 0x0cd53000, 0x0cd53000, 0x0f555000)
 Metaspace       used 11284K, capacity 12046K, committed 12160K, reserved 12672K
Event: 9.603 GC heap after
Heap after GC invocations=46 (full 8):
 def new generation   total 46208K, used 4195K [0x03c00000, 0x06e20000, 0x09150000)
  eden space 41088K,   0% used [0x03c00000, 0x03c00000, 0x06420000)
  from space 5120K,  81% used [0x06920000, 0x06d38c30, 0x06e20000)
  to   space 5120K,   0% used [0x06420000, 0x06420000, 0x06920000)
 tenured generation   total 102420K, used 79030K [0x09150000, 0x0f555000, 0x13c00000)
   the space 102420K,  77% used [0x09150000, 0x0de7d8b0, 0x0de7da00, 0x0f555000)
 Metaspace       used 11284K, capacity 12046K, committed 12160K, reserved 12672K
}
Event: 9.984 GC heap before
{Heap before GC invocations=46 (full 8):
 def new generation   total 46208K, used 45283K [0x03c00000, 0x06e20000, 0x09150000)
  eden space 41088K, 100% used [0x03c00000, 0x06420000, 0x06420000)
  from space 5120K,  81% used [0x06920000, 0x06d38c48, 0x06e20000)
  to   space 5120K,   0% used [0x06420000, 0x06420000, 0x06920000)
 tenured generation   total 102420K, used 79030K [0x09150000, 0x0f555000, 0x13c00000)
   the space 102420K,  77% used [0x09150000, 0x0de7d8b0, 0x0de7da00, 0x0f555000)
 Metaspace       used 11284K, capacity 12046K, committed 12160K, reserved 12672K
Event: 9.994 GC heap after
Heap after GC invocations=47 (full 8):
 def new generation   total 46208K, used 5120K [0x03c00000, 0x06e20000, 0x09150000)
  eden space 41088K,   0% used [0x03c00000, 0x03c00000, 0x06420000)
  from space 5120K, 100% used [0x06420000, 0x06920000, 0x06920000)
  to   space 5120K,   0% used [0x06920000, 0x06920000, 0x06e20000)
 tenured generation   total 102420K, used 98785K [0x09150000, 0x0f555000, 0x13c00000)
   the space 102420K,  96% used [0x09150000, 0x0f1c8590, 0x0f1c8600, 0x0f555000)
 Metaspace       used 11284K, capacity 12046K, committed 12160K, reserved 12672K
}
Event: 10.318 GC heap before
{Heap before GC invocations=47 (full 8):
 def new generation   total 46208K, used 44234K [0x03c00000, 0x06e20000, 0x09150000)
  eden space 41088K,  95% used [0x03c00000, 0x062329f8, 0x06420000)
  from space 5120K, 100% used [0x06420000, 0x06920000, 0x06920000)
  to   space 5120K,   0% used [0x06920000, 0x06920000, 0x06e20000)
 tenured generation   total 108280K, used 104644K [0x09150000, 0x0fb0e000, 0x13c00000)
   the space 108280K,  96% used [0x09150000, 0x0f781320, 0x0f781400, 0x0fb0e000)
 Metaspace       used 11284K, capacity 12046K, committed 12160K, reserved 12672K
Event: 10.332 GC heap after
Heap after GC invocations=48 (full 8):
 def new generation   total 46208K, used 3409K [0x03c00000, 0x06e20000, 0x09150000)
  eden space 41088K,   0% used [0x03c00000, 0x03c00000, 0x06420000)
  from space 5120K,  66% used [0x06920000, 0x06c747e0, 0x06e20000)
  to   space 5120K,   0% used [0x06420000, 0x06420000, 0x06920000)
 tenured generation   total 124136K, used 122506K [0x09150000, 0x10a8a000, 0x13c00000)
   the space 124136K,  98% used [0x09150000, 0x108f2898, 0x108f2a00, 0x10a8a000)
 Metaspace       used 11284K, capacity 12046K, committed 12160K, reserved 12672K
}
Event: 11.079 GC heap before
{Heap before GC invocations=48 (full 8):
 def new generation   total 46208K, used 44497K [0x03c00000, 0x06e20000, 0x09150000)
  eden space 41088K, 100% used [0x03c00000, 0x06420000, 0x06420000)
  from space 5120K,  66% used [0x06920000, 0x06c747e0, 0x06e20000)
  to   space 5120K,   0% used [0x06420000, 0x06420000, 0x06920000)
 tenured generation   total 124136K, used 122506K [0x09150000, 0x10a8a000, 0x13c00000)
   the space 124136K,  98% used [0x09150000, 0x108f2898, 0x108f2a00, 0x10a8a000)
 Metaspace       used 11284K, capacity 12046K, committed 12160K, reserved 12672K
Event: 11.136 GC heap after
Heap after GC invocations=49 (full 9):
 def new generation   total 56000K, used 0K [0x03c00000, 0x078c0000, 0x09150000)
  eden space 49792K,   0% used [0x03c00000, 0x03c00000, 0x06ca0000)
  from space 6208K,   0% used [0x06ca0000, 0x06ca0000, 0x072b0000)
  to   space 6208K,   0% used [0x072b0000, 0x072b0000, 0x078c0000)
 tenured generation   total 124136K, used 71689K [0x09150000, 0x10a8a000, 0x13c00000)
   the space 124136K,  57% used [0x09150000, 0x0d7524f0, 0x0d752600, 0x10a8a000)
 Metaspace       used 11284K, capacity 12046K, committed 12160K, reserved 12672K
}
Event: 11.957 GC heap before
{Heap before GC invocations=49 (full 9):
 def new generation   total 56000K, used 49694K [0x03c00000, 0x078c0000, 0x09150000)
  eden space 49792K,  99% used [0x03c00000, 0x06c879d0, 0x06ca0000)
  from space 6208K,   0% used [0x06ca0000, 0x06ca0000, 0x072b0000)
  to   space 6208K,   0% used [0x072b0000, 0x072b0000, 0x078c0000)
 tenured generation   total 124136K, used 71689K [0x09150000, 0x10a8a000, 0x13c00000)
   the space 124136K,  57% used [0x09150000, 0x0d7524f0, 0x0d752600, 0x10a8a000)
 Metaspace       used 11284K, capacity 12046K, committed 12160K, reserved 12672K
Event: 11.967 GC heap after
Heap after GC invocations=50 (full 9):
 def new generation   total 56000K, used 6208K [0x03c00000, 0x078c0000, 0x09150000)
  eden space 49792K,   0% used [0x03c00000, 0x03c00000, 0x06ca0000)
  from space 6208K, 100% used [0x072b0000, 0x078c0000, 0x078c0000)
  to   space 6208K,   0% used [0x06ca0000, 0x06ca0000, 0x072b0000)
 tenured generation   total 124136K, used 74108K [0x09150000, 0x10a8a000, 0x13c00000)
   the space 124136K,  59% used [0x09150000, 0x0d9af048, 0x0d9af200, 0x10a8a000)
 Metaspace       used 11284K, capacity 12046K, committed 12160K, reserved 12672K
}

