# JRE version: Java(TM) SE Runtime Environment (8.0_111-b14) (build 1.8.0_111-b14)
# Java VM: Java HotSpot(TM) Client VM (25.111-b14 mixed mode, sharing windows-x86 )
Heap:
 def new generation   total 35008K, used 3037K [0x03a00000, 0x05ff0000, 0x08f50000)
  eden space 31168K,   9% used [0x03a00000, 0x03cf74d8, 0x05870000)
  from space 3840K,   0% used [0x05870000, 0x05870000, 0x05c30000)
  to   space 3840K,   0% used [0x05c30000, 0x05c30000, 0x05ff0000)
 tenured generation   total 77500K, used 46498K [0x08f50000, 0x0daff000, 0x13a00000)
   the space 77500K,  59% used [0x08f50000, 0x0bcb8a68, 0x0bcb8c00, 0x0daff000)
 Metaspace       used 11062K, capacity 11754K, committed 11776K, reserved 12672K
GC Heap History (10 events):
Event: 3.548 GC heap before
{Heap before GC invocations=30 (full 3):
 def new generation   total 26304K, used 22199K [0x03a00000, 0x05680000, 0x08f50000)
  eden space 23424K,  85% used [0x03a00000, 0x04d84518, 0x050e0000)
  from space 2880K,  76% used [0x050e0000, 0x053098a0, 0x053b0000)
  to   space 2880K,   0% used [0x053b0000, 0x053b0000, 0x05680000)
 tenured generation   total 71812K, used 69756K [0x08f50000, 0x0d571000, 0x13a00000)
   the space 71812K,  97% used [0x08f50000, 0x0d36f088, 0x0d36f200, 0x0d571000)
 Metaspace       used 11057K, capacity 11754K, committed 11776K, reserved 12672K
Event: 3.599 GC heap after
Heap after GC invocations=31 (full 4):
 def new generation   total 32448K, used 0K [0x03a00000, 0x05d30000, 0x08f50000)
  eden space 28864K,   0% used [0x03a00000, 0x03a00000, 0x05630000)
  from space 3584K,   0% used [0x05630000, 0x05630000, 0x059b0000)
  to   space 3584K,   0% used [0x059b0000, 0x059b0000, 0x05d30000)
 tenured generation   total 71812K, used 40269K [0x08f50000, 0x0d571000, 0x13a00000)
   the space 71812K,  56% used [0x08f50000, 0x0b6a3648, 0x0b6a3800, 0x0d571000)
 Metaspace       used 11057K, capacity 11754K, committed 11776K, reserved 12672K
}
Event: 3.715 GC heap before
{Heap before GC invocations=31 (full 4):
 def new generation   total 32448K, used 28765K [0x03a00000, 0x05d30000, 0x08f50000)
  eden space 28864K,  99% used [0x03a00000, 0x05617408, 0x05630000)
  from space 3584K,   0% used [0x05630000, 0x05630000, 0x059b0000)
  to   space 3584K,   0% used [0x059b0000, 0x059b0000, 0x05d30000)
 tenured generation   total 71812K, used 40269K [0x08f50000, 0x0d571000, 0x13a00000)
   the space 71812K,  56% used [0x08f50000, 0x0b6a3648, 0x0b6a3800, 0x0d571000)
 Metaspace       used 11057K, capacity 11754K, committed 11776K, reserved 12672K
Event: 3.721 GC heap after
Heap after GC invocations=32 (full 4):
 def new generation   total 32448K, used 3328K [0x03a00000, 0x05d30000, 0x08f50000)
  eden space 28864K,   0% used [0x03a00000, 0x03a00000, 0x05630000)
  from space 3584K,  92% used [0x059b0000, 0x05cf0100, 0x05d30000)
  to   space 3584K,   0% used [0x05630000, 0x05630000, 0x059b0000)
 tenured generation   total 71812K, used 46128K [0x08f50000, 0x0d571000, 0x13a00000)
   the space 71812K,  64% used [0x08f50000, 0x0bc5c3d8, 0x0bc5c400, 0x0d571000)
 Metaspace       used 11057K, capacity 11754K, committed 11776K, reserved 12672K
}
Event: 3.887 GC heap before
{Heap before GC invocations=32 (full 4):
 def new generation   total 32448K, used 30634K [0x03a00000, 0x05d30000, 0x08f50000)
  eden space 28864K,  94% used [0x03a00000, 0x054aa988, 0x05630000)
  from space 3584K,  92% used [0x059b0000, 0x05cf0100, 0x05d30000)
  to   space 3584K,   0% used [0x05630000, 0x05630000, 0x059b0000)
 tenured generation   total 71812K, used 51988K [0x08f50000, 0x0d571000, 0x13a00000)
   the space 71812K,  72% used [0x08f50000, 0x0c215168, 0x0c215200, 0x0d571000)
 Metaspace       used 11058K, capacity 11754K, committed 11776K, reserved 12672K
Event: 3.892 GC heap after
Heap after GC invocations=33 (full 4):
 def new generation   total 32448K, used 1961K [0x03a00000, 0x05d30000, 0x08f50000)
  eden space 28864K,   0% used [0x03a00000, 0x03a00000, 0x05630000)
  from space 3584K,  54% used [0x05630000, 0x0581a6c8, 0x059b0000)
  to   space 3584K,   0% used [0x059b0000, 0x059b0000, 0x05d30000)
 tenured generation   total 71812K, used 60458K [0x08f50000, 0x0d571000, 0x13a00000)
   the space 71812K,  84% used [0x08f50000, 0x0ca5aac0, 0x0ca5ac00, 0x0d571000)
 Metaspace       used 11058K, capacity 11754K, committed 11776K, reserved 12672K
}
Event: 4.192 GC heap before
{Heap before GC invocations=33 (full 4):
 def new generation   total 32448K, used 30779K [0x03a00000, 0x05d30000, 0x08f50000)
  eden space 28864K,  99% used [0x03a00000, 0x05624578, 0x05630000)
  from space 3584K,  54% used [0x05630000, 0x0581a6c8, 0x059b0000)
  to   space 3584K,   0% used [0x059b0000, 0x059b0000, 0x05d30000)
 tenured generation   total 71812K, used 60458K [0x08f50000, 0x0d571000, 0x13a00000)
   the space 71812K,  84% used [0x08f50000, 0x0ca5aac0, 0x0ca5ac00, 0x0d571000)
 Metaspace       used 11059K, capacity 11754K, committed 11776K, reserved 12672K
Event: 4.199 GC heap after
Heap after GC invocations=34 (full 4):
 def new generation   total 32448K, used 3584K [0x03a00000, 0x05d30000, 0x08f50000)
  eden space 28864K,   0% used [0x03a00000, 0x03a00000, 0x05630000)
  from space 3584K, 100% used [0x059b0000, 0x05d30000, 0x05d30000)
  to   space 3584K,   0% used [0x05630000, 0x05630000, 0x059b0000)
 tenured generation   total 71812K, used 70595K [0x08f50000, 0x0d571000, 0x13a00000)
   the space 71812K,  98% used [0x08f50000, 0x0d440d48, 0x0d440e00, 0x0d571000)
 Metaspace       used 11059K, capacity 11754K, committed 11776K, reserved 12672K
}
Event: 4.528 GC heap before
{Heap before GC invocations=34 (full 4):
 def new generation   total 32448K, used 32448K [0x03a00000, 0x05d30000, 0x08f50000)
  eden space 28864K, 100% used [0x03a00000, 0x05630000, 0x05630000)
  from space 3584K, 100% used [0x059b0000, 0x05d30000, 0x05d30000)
  to   space 3584K,   0% used [0x05630000, 0x05630000, 0x059b0000)
 tenured generation   total 71812K, used 70595K [0x08f50000, 0x0d571000, 0x13a00000)
   the space 71812K,  98% used [0x08f50000, 0x0d440d48, 0x0d440e00, 0x0d571000)
 Metaspace       used 11062K, capacity 11754K, committed 11776K, reserved 12672K
Event: 4.573 GC heap after
Heap after GC invocations=35 (full 5):
 def new generation   total 35008K, used 0K [0x03a00000, 0x05ff0000, 0x08f50000)
  eden space 31168K,   0% used [0x03a00000, 0x03a00000, 0x05870000)
  from space 3840K,   0% used [0x05870000, 0x05870000, 0x05c30000)
  to   space 3840K,   0% used [0x05c30000, 0x05c30000, 0x05ff0000)
 tenured generation   total 77500K, used 46498K [0x08f50000, 0x0daff000, 0x13a00000)
   the space 77500K,  59% used [0x08f50000, 0x0bcb8a68, 0x0bcb8c00, 0x0daff000)
 Metaspace       used 11062K, capacity 11754K, committed 11776K, reserved 12672K
}

